Performing C SOURCE FILE Test CMAKE_HAVE_LIBC_PTHREAD failed with the following output:
Change Dir: /usr/local/webserver/build/CMakeFiles/CMakeTmp

Run Build Command(s):/usr/bin/make -f Makefile cmTC_60ba0/fast && /usr/bin/make  -f CMakeFiles/cmTC_60ba0.dir/build.make CMakeFiles/cmTC_60ba0.dir/build
make[1]: 进入目录“/usr/local/webserver/build/CMakeFiles/CMakeTmp”
Building C object CMakeFiles/cmTC_60ba0.dir/src.c.o
/usr/bin/x86_64-linux-gnu-gcc-7 -DCMAKE_HAVE_LIBC_PTHREAD   -o CMakeFiles/cmTC_60ba0.dir/src.c.o -c /usr/local/webserver/build/CMakeFiles/CMakeTmp/src.c
Linking C executable cmTC_60ba0
/usr/local/bin/cmake -E cmake_link_script CMakeFiles/cmTC_60ba0.dir/link.txt --verbose=1
/usr/bin/x86_64-linux-gnu-gcc-7 CMakeFiles/cmTC_60ba0.dir/src.c.o -o cmTC_60ba0 
CMakeFiles/cmTC_60ba0.dir/src.c.o：在函数‘main’中：
src.c:(.text+0x3e)：对‘pthread_create’未定义的引用
src.c:(.text+0x4a)：对‘pthread_detach’未定义的引用
src.c:(.text+0x56)：对‘pthread_cancel’未定义的引用
src.c:(.text+0x67)：对‘pthread_join’未定义的引用
src.c:(.text+0x7b)：对‘pthread_atfork’未定义的引用
collect2: error: ld returned 1 exit status
CMakeFiles/cmTC_60ba0.dir/build.make:98: recipe for target 'cmTC_60ba0' failed
make[1]: *** [cmTC_60ba0] Error 1
make[1]: 离开目录“/usr/local/webserver/build/CMakeFiles/CMakeTmp”
Makefile:127: recipe for target 'cmTC_60ba0/fast' failed
make: *** [cmTC_60ba0/fast] Error 2


Source file was:
#include <pthread.h>

static void* test_func(void* data)
{
  return data;
}

int main(void)
{
  pthread_t thread;
  pthread_create(&thread, NULL, test_func, NULL);
  pthread_detach(thread);
  pthread_cancel(thread);
  pthread_join(thread, NULL);
  pthread_atfork(NULL, NULL, NULL);
  pthread_exit(NULL);

  return 0;
}

